build/app/intermediates/manifest_merge_blame_file/debug/manifest-merger-blame-debug-report.txt
1<?xml version="1.0" encoding="utf-8"?>
2<manifest xmlns:android="http://schemas.android.com/apk/res/android"
3    package="com.example.amquick"
4    android:versionCode="1"
5    android:versionName="1.0.0" >
6
7    <uses-sdk
8        android:minSdkVersion="16"
9        android:targetSdkVersion="30" />
10    <!--
11         Flutter needs it to communicate with the running application
12         to allow setting breakpoints, to provide hot reload, etc.
13    -->
14    <uses-permission android:name="android.permission.INTERNET" />
14-->src\debug\AndroidManifest.xml:6:5-66
14-->src\debug\AndroidManifest.xml:6:22-64
15
16    <application
16-->src\main\AndroidManifest.xml:3:4-29:19
17        android:appComponentFactory="androidx.core.app.CoreComponentFactory"
17-->[androidx.core:core:1.1.0] AndroidManifest.xml:24:18-86
18        android:debuggable="true"
19        android:icon="@mipmap/ic_launcher"
19-->src\main\AndroidManifest.xml:5:9-43
20        android:label="AM Quick" >
20-->src\main\AndroidManifest.xml:4:9-33
21        <activity
21-->src\main\AndroidManifest.xml:6:9-25:20
22            android:name="com.example.amquick.MainActivity"
22-->src\main\AndroidManifest.xml:7:13-41
23            android:configChanges="orientation|keyboardHidden|keyboard|screenSize|smallestScreenSize|locale|layoutDirection|fontScale|screenLayout|density|uiMode"
23-->src\main\AndroidManifest.xml:10:13-163
24            android:hardwareAccelerated="true"
24-->src\main\AndroidManifest.xml:11:13-47
25            android:launchMode="singleTop"
25-->src\main\AndroidManifest.xml:8:13-43
26            android:theme="@style/LaunchTheme"
26-->src\main\AndroidManifest.xml:9:13-47
27            android:windowSoftInputMode="adjustResize" >
27-->src\main\AndroidManifest.xml:12:13-55
28            <meta-data
28-->src\main\AndroidManifest.xml:13:13-16:17
29                android:name="io.flutter.embedding.android.NormalTheme"
29-->src\main\AndroidManifest.xml:14:15-70
30                android:resource="@style/NormalTheme" />
30-->src\main\AndroidManifest.xml:15:15-52
31            <meta-data
31-->src\main\AndroidManifest.xml:17:13-20:17
32                android:name="io.flutter.embedding.android.SplashScreenDrawable"
32-->src\main\AndroidManifest.xml:18:15-79
33                android:resource="@drawable/launch_background" />
33-->src\main\AndroidManifest.xml:19:15-61
34
35            <intent-filter>
35-->src\main\AndroidManifest.xml:21:13-24:29
36                <action android:name="android.intent.action.MAIN" />
36-->src\main\AndroidManifest.xml:22:17-68
36-->src\main\AndroidManifest.xml:22:25-66
37
38                <category android:name="android.intent.category.LAUNCHER" />
38-->src\main\AndroidManifest.xml:23:17-76
38-->src\main\AndroidManifest.xml:23:27-74
39            </intent-filter>
40        </activity>
41
42        <meta-data
42-->src\main\AndroidManifest.xml:26:9-28:33
43            android:name="flutterEmbedding"
43-->src\main\AndroidManifest.xml:27:13-44
44            android:value="2" />
44-->src\main\AndroidManifest.xml:28:13-30
45    </application>
46
47</manifest>